[14:13:58.341][info] [#0:/home/gotasa/.local/share/nvim/mason/packages/lua-language-server/libexec/main.lua:68]: Lua Lsp startup, root: 	/home/gotasa/.local/share/nvim/mason/packages/lua-language-server/libexec
[14:13:58.341][info] [#0:/home/gotasa/.local/share/nvim/mason/packages/lua-language-server/libexec/main.lua:69]: ROOT:	/home/gotasa/.local/share/nvim/mason/packages/lua-language-server/libexec
[14:13:58.341][info] [#0:/home/gotasa/.local/share/nvim/mason/packages/lua-language-server/libexec/main.lua:70]: LOGPATH:	/home/gotasa/.local/share/nvim/mason/packages/lua-language-server/libexec/log
[14:13:58.341][info] [#0:/home/gotasa/.local/share/nvim/mason/packages/lua-language-server/libexec/main.lua:71]: METAPATH:	/home/gotasa/.local/share/nvim/mason/packages/lua-language-server/libexec/meta
[14:13:58.341][info] [#0:/home/gotasa/.local/share/nvim/mason/packages/lua-language-server/libexec/main.lua:72]: VERSION:	3.14.0
[14:13:58.364][info] [#0:script/proto/proto.lua:260]: Listen Mode: stdio
[14:13:58.364][info] [#0:script/service/service.lua:145]: 
========= Medical Examination Report =========
    --------------- Memory ---------------
        Total: 2.263 MB
        # 00 : 2.263 MB
        # 01 : 0.000 MB
        # 02 : 0.000 MB
        # 03 : 0.000 MB
        # 04 : 0.000 MB
    --------------- Coroutine ---------------
        Total:     0
        Running:   0
        Suspended: 0
        Normal:    0
        Dead:      0
    --------------- Cache ---------------
        Total: 1
        Dead:  0
    ---------------  RPC  ---------------
        Holdon:   0
        Waiting:  0
==============================================
[14:13:58.468][info] [#0:script/client.lua:657]: Client init	{
  capabilities = {
    general = {
      positionEncodings = { "utf-8", "utf-16", "utf-32" }
    },
    textDocument = {
      callHierarchy = {
        dynamicRegistration = false
      },
      codeAction = {
        codeActionLiteralSupport = {
          codeActionKind = {
            valueSet = { "", "quickfix", "refactor", "refactor.extract", "refactor.inline", "refactor.rewrite", "source", "source.organizeImports" }
          }
        },
        dataSupport = true,
        dynamicRegistration = true,
        isPreferredSupport = true,
        resolveSupport = {
          properties = { "edit", "command" }
        }
      },
      codeLens = {
        dynamicRegistration = false,
        resolveSupport = {
          properties = { "command" }
        }
      },
      completion = {
        completionItem = {
          commitCharactersSupport = true,
          deprecatedSupport = true,
          documentationFormat = { "markdown", "plaintext" },
          insertReplaceSupport = true,
          insertTextModeSupport = {
            valueSet = { 1, 2 }
          },
          labelDetailsSupport = true,
          preselectSupport = true,
          resolveSupport = {
            properties = { "documentation", "additionalTextEdits", "insertTextFormat", "insertTextMode", "command" }
          },
          snippetSupport = true,
          tagSupport = {
            valueSet = { 1 }
          }
        },
        completionItemKind = {
          valueSet = { 1, 2, 3, 4, 5, 6, 7, 8, 9, 10, 11, 12, 13, 14, 15, 16, 17, 18, 19, 20, 21, 22, 23, 24, 25 }
        },
        completionList = {
          itemDefaults = { "commitCharacters", "editRange", "insertTextFormat", "insertTextMode", "data" }
        },
        contextSupport = true,
        dynamicRegistration = false,
        insertTextMode = 1
      },
      declaration = {
        linkSupport = true
      },
      definition = {
        dynamicRegistration = true,
        linkSupport = true
      },
      diagnostic = {
        dynamicRegistration = false
      },
      documentHighlight = {
        dynamicRegistration = false
      },
      documentSymbol = {
        dynamicRegistration = false,
        hierarchicalDocumentSymbolSupport = true,
        symbolKind = {
          valueSet = { 1, 2, 3, 4, 5, 6, 7, 8, 9, 10, 11, 12, 13, 14, 15, 16, 17, 18, 19, 20, 21, 22, 23, 24, 25, 26 }
        }
      },
      foldingRange = {
        dynamicRegistration = false,
        foldingRange = {
          collapsedText = true
        },
        lineFoldingOnly = true
      },
      formatting = {
        dynamicRegistration = true
      },
      hover = {
        contentFormat = { "markdown", "plaintext" },
        dynamicRegistration = true
      },
      implementation = {
        linkSupport = true
      },
      inlayHint = {
        dynamicRegistration = true,
        resolveSupport = {
          properties = { "textEdits", "tooltip", "location", "command" }
        }
      },
      publishDiagnostics = {
        dataSupport = true,
        relatedInformation = true,
        tagSupport = {
          valueSet = { 1, 2 }
        }
      },
      rangeFormatting = {
        dynamicRegistration = true,
        rangesSupport = true
      },
      references = {
        dynamicRegistration = false
      },
      rename = {
        dynamicRegistration = true,
        prepareSupport = true
      },
      semanticTokens = {
        augmentsSyntaxTokens = true,
        dynamicRegistration = false,
        formats = { "relative" },
        multilineTokenSupport = false,
        overlappingTokenSupport = true,
        requests = {
          full = {
            delta = true
          },
          range = false
        },
        serverCancelSupport = false,
        tokenModifiers = { "declaration", "definition", "readonly", "static", "deprecated", "abstract", "async", "modification", "documentation", "defaultLibrary" },
        tokenTypes = { "namespace", "type", "class", "enum", "interface", "struct", "typeParameter", "parameter", "variable", "property", "enumMember", "event", "function", "method", "macro", "keyword", "modifier", "comment", "string", "number", "regexp", "operator", "decorator" }
      },
      signatureHelp = {
        dynamicRegistration = false,
        signatureInformation = {
          activeParameterSupport = true,
          documentationFormat = { "markdown", "plaintext" },
          parameterInformation = {
            labelOffsetSupport = true
          }
        }
      },
      synchronization = {
        didSave = true,
        dynamicRegistration = false,
        willSave = true,
        willSaveWaitUntil = true
      },
      typeDefinition = {
        linkSupport = true
      }
    },
    window = {
      showDocument = {
        support = true
      },
      showMessage = {
        messageActionItem = {
          additionalPropertiesSupport = true
        }
      },
      workDoneProgress = true
    },
    workspace = {
      applyEdit = true,
      configuration = true,
      didChangeConfiguration = {
        dynamicRegistration = false
      },
      didChangeWatchedFiles = {
        dynamicRegistration = false,
        relativePatternSupport = true
      },
      inlayHint = {
        refreshSupport = true
      },
      semanticTokens = {
        refreshSupport = true
      },
      symbol = {
        dynamicRegistration = false,
        symbolKind = {
          valueSet = { 1, 2, 3, 4, 5, 6, 7, 8, 9, 10, 11, 12, 13, 14, 15, 16, 17, 18, 19, 20, 21, 22, 23, 24, 25, 26 }
        }
      },
      workspaceEdit = {
        resourceOperations = { "rename", "create", "delete" }
      },
      workspaceFolders = true
    }
  },
  clientInfo = {
    name = "Neovim",
    version = "0.11.1+dirty"
  },
  initializationOptions = {},
  processId = 11056,
  trace = "off",
  workDoneToken = "1"
}
[14:13:58.469][info] [#0:script/language.lua:137]: VSC language: nil
[14:13:58.469][info] [#0:script/language.lua:138]: LS  language: en-us
[14:13:58.678][info] [#0:script/workspace/workspace.lua:48]: Workspace create: 	file:///home/gotasa/.config/nvim/lua/plugins
[14:13:58.679][warn] [#0:script/config/loader.lua:116]: No config?	{}
[14:13:58.679][info] [#0:script/provider/provider.lua:65]: Load config from client	fallback
[14:13:58.679][info] [#0:script/provider/provider.lua:66]: nil
[14:13:58.679][warn] [#0:script/config/loader.lua:116]: No config?	{}
[14:13:58.787][info] [#0:script/library.lua:212]: Init builtin library at:	nil
[14:13:58.797][warn] [#0:script/config/loader.lua:116]: No config?	{}
[14:13:58.797][info] [#0:script/provider/provider.lua:65]: Load config from client	fallback
[14:13:58.797][info] [#0:script/provider/provider.lua:66]: nil
[14:13:58.897][info] [#0:script/workspace/workspace.lua:324]: Preload start:	<fallback>
[14:13:58.898][info] [#0:script/workspace/workspace.lua:353]: Scan library at:	file:///home/gotasa/.local/share/nvim/mason/packages/lua-language-server/libexec/meta/Lua%205.4%20en-us%20utf8/basic.lua
[14:13:58.898][info] [#0:script/library.lua:212]: Init builtin library at:	file:///home/gotasa/.config/nvim/lua/plugins
[14:13:58.904][info] [#0:script/workspace/workspace.lua:353]: Scan library at:	file:///home/gotasa/.local/share/nvim/mason/packages/lua-language-server/libexec/meta/Lua%205.4%20en-us%20utf8/table.lua
[14:13:58.904][info] [#0:script/workspace/workspace.lua:353]: Scan library at:	file:///home/gotasa/.local/share/nvim/mason/packages/lua-language-server/libexec/meta/Lua%205.4%20en-us%20utf8/utf8.lua
[14:13:58.904][info] [#0:script/workspace/workspace.lua:353]: Scan library at:	file:///home/gotasa/.local/share/nvim/mason/packages/lua-language-server/libexec/meta/Lua%205.4%20en-us%20utf8/coroutine.lua
[14:13:58.905][info] [#0:script/workspace/workspace.lua:353]: Scan library at:	file:///home/gotasa/.local/share/nvim/mason/packages/lua-language-server/libexec/meta/Lua%205.4%20en-us%20utf8/os.lua
[14:13:58.905][info] [#0:script/workspace/workspace.lua:353]: Scan library at:	file:///home/gotasa/.local/share/nvim/mason/packages/lua-language-server/libexec/meta/Lua%205.4%20en-us%20utf8/string.lua
[14:13:58.905][info] [#0:script/workspace/workspace.lua:353]: Scan library at:	file:///home/gotasa/.local/share/nvim/mason/packages/lua-language-server/libexec/meta/Lua%205.4%20en-us%20utf8/io.lua
[14:13:58.905][info] [#0:script/workspace/workspace.lua:353]: Scan library at:	file:///home/gotasa/.local/share/nvim/mason/packages/lua-language-server/libexec/meta/Lua%205.4%20en-us%20utf8/math.lua
[14:13:58.905][info] [#0:script/workspace/workspace.lua:353]: Scan library at:	file:///home/gotasa/.local/share/nvim/mason/packages/lua-language-server/libexec/meta/Lua%205.4%20en-us%20utf8/package.lua
[14:13:58.905][info] [#0:script/workspace/workspace.lua:353]: Scan library at:	file:///home/gotasa/.local/share/nvim/mason/packages/lua-language-server/libexec/meta/Lua%205.4%20en-us%20utf8/builtin.lua
[14:13:58.905][info] [#0:script/workspace/workspace.lua:353]: Scan library at:	file:///home/gotasa/.local/share/nvim/mason/packages/lua-language-server/libexec/meta/Lua%205.4%20en-us%20utf8/debug.lua
[14:13:59.005][info] [#0:script/workspace/workspace.lua:324]: Preload start:	file:///home/gotasa/.config/nvim/lua/plugins
[14:13:59.008][info] [#0:script/workspace/workspace.lua:330]: Scan files at:	file:///home/gotasa/.config/nvim/lua/plugins
[14:13:59.009][info] [#0:script/workspace/workspace.lua:379]: Found 11 files at:	<fallback>
[14:13:59.009][info] [#0:script/workspace/loading.lua:160]: Load files from disk:	<fallback>
[14:13:59.010][info] [#0:script/workspace/loading.lua:100]: Preload file at: file:///home/gotasa/.local/share/nvim/mason/packages/lua-language-server/libexec/meta/Lua%205.4%20en-us%20utf8/debug.lua , size = 7.637 KB
[14:13:59.013][info] [#0:script/workspace/loading.lua:112]: ++++As library of:	file:///home/gotasa/.local/share/nvim/mason/packages/lua-language-server/libexec/meta/Lua%205.4%20en-us%20utf8/debug.lua
[14:13:59.013][info] [#0:script/workspace/loading.lua:100]: Preload file at: file:///home/gotasa/.local/share/nvim/mason/packages/lua-language-server/libexec/meta/Lua%205.4%20en-us%20utf8/package.lua , size = 2.944 KB
[14:13:59.014][info] [#0:script/workspace/loading.lua:112]: ++++As library of:	file:///home/gotasa/.local/share/nvim/mason/packages/lua-language-server/libexec/meta/Lua%205.4%20en-us%20utf8/package.lua
[14:13:59.015][info] [#0:script/workspace/loading.lua:100]: Preload file at: file:///home/gotasa/.local/share/nvim/mason/packages/lua-language-server/libexec/meta/Lua%205.4%20en-us%20utf8/math.lua , size = 8.542 KB
[14:13:59.017][info] [#0:script/workspace/loading.lua:112]: ++++As library of:	file:///home/gotasa/.local/share/nvim/mason/packages/lua-language-server/libexec/meta/Lua%205.4%20en-us%20utf8/math.lua
[14:13:59.017][info] [#0:script/workspace/loading.lua:100]: Preload file at: file:///home/gotasa/.local/share/nvim/mason/packages/lua-language-server/libexec/meta/Lua%205.4%20en-us%20utf8/io.lua , size = 6.364 KB
[14:13:59.020][info] [#0:script/workspace/loading.lua:112]: ++++As library of:	file:///home/gotasa/.local/share/nvim/mason/packages/lua-language-server/libexec/meta/Lua%205.4%20en-us%20utf8/io.lua
[14:13:59.020][info] [#0:script/workspace/loading.lua:100]: Preload file at: file:///home/gotasa/.local/share/nvim/mason/packages/lua-language-server/libexec/meta/Lua%205.4%20en-us%20utf8/builtin.lua , size = 0.302 KB
[14:13:59.020][info] [#0:script/workspace/loading.lua:112]: ++++As library of:	file:///home/gotasa/.local/share/nvim/mason/packages/lua-language-server/libexec/meta/Lua%205.4%20en-us%20utf8/builtin.lua
[14:13:59.020][info] [#0:script/workspace/loading.lua:100]: Preload file at: file:///home/gotasa/.local/share/nvim/mason/packages/lua-language-server/libexec/meta/Lua%205.4%20en-us%20utf8/string.lua , size = 5.234 KB
[14:13:59.023][info] [#0:script/workspace/loading.lua:112]: ++++As library of:	file:///home/gotasa/.local/share/nvim/mason/packages/lua-language-server/libexec/meta/Lua%205.4%20en-us%20utf8/string.lua
[14:13:59.023][info] [#0:script/workspace/loading.lua:100]: Preload file at: file:///home/gotasa/.local/share/nvim/mason/packages/lua-language-server/libexec/meta/Lua%205.4%20en-us%20utf8/os.lua , size = 5.611 KB
[14:13:59.025][info] [#0:script/workspace/loading.lua:112]: ++++As library of:	file:///home/gotasa/.local/share/nvim/mason/packages/lua-language-server/libexec/meta/Lua%205.4%20en-us%20utf8/os.lua
[14:13:59.025][info] [#0:script/workspace/loading.lua:100]: Preload file at: file:///home/gotasa/.local/share/nvim/mason/packages/lua-language-server/libexec/meta/Lua%205.4%20en-us%20utf8/coroutine.lua , size = 2.590 KB
[14:13:59.026][info] [#0:script/workspace/loading.lua:112]: ++++As library of:	file:///home/gotasa/.local/share/nvim/mason/packages/lua-language-server/libexec/meta/Lua%205.4%20en-us%20utf8/coroutine.lua
[14:13:59.026][info] [#0:script/workspace/loading.lua:100]: Preload file at: file:///home/gotasa/.local/share/nvim/mason/packages/lua-language-server/libexec/meta/Lua%205.4%20en-us%20utf8/utf8.lua , size = 2.386 KB
[14:13:59.027][info] [#0:script/workspace/loading.lua:112]: ++++As library of:	file:///home/gotasa/.local/share/nvim/mason/packages/lua-language-server/libexec/meta/Lua%205.4%20en-us%20utf8/utf8.lua
[14:13:59.027][info] [#0:script/workspace/loading.lua:100]: Preload file at: file:///home/gotasa/.local/share/nvim/mason/packages/lua-language-server/libexec/meta/Lua%205.4%20en-us%20utf8/table.lua , size = 4.445 KB
[14:13:59.029][info] [#0:script/workspace/loading.lua:112]: ++++As library of:	file:///home/gotasa/.local/share/nvim/mason/packages/lua-language-server/libexec/meta/Lua%205.4%20en-us%20utf8/table.lua
[14:13:59.029][info] [#0:script/workspace/loading.lua:100]: Preload file at: file:///home/gotasa/.local/share/nvim/mason/packages/lua-language-server/libexec/meta/Lua%205.4%20en-us%20utf8/basic.lua , size = 15.841 KB
[14:13:59.036][info] [#0:script/workspace/loading.lua:112]: ++++As library of:	file:///home/gotasa/.local/share/nvim/mason/packages/lua-language-server/libexec/meta/Lua%205.4%20en-us%20utf8/basic.lua
[14:13:59.036][info] [#0:script/workspace/loading.lua:172]: Loaded files takes [0.027] sec: <fallback>
[14:13:59.036][info] [#0:script/workspace/loading.lua:181]: Compile files takes [0.000] sec: <fallback>
[14:13:59.036][info] [#0:script/workspace/loading.lua:182]: Loaded finish:	<fallback>
[14:13:59.036][info] [#0:script/workspace/workspace.lua:381]: Preload finish at:	<fallback>
[14:13:59.037][info] [#0:script/workspace/workspace.lua:353]: Scan library at:	file:///home/gotasa/.local/share/nvim/mason/packages/lua-language-server/libexec/meta/Lua%205.4%20en-us%20utf8/basic.lua
[14:13:59.037][info] [#0:script/workspace/workspace.lua:353]: Scan library at:	file:///home/gotasa/.local/share/nvim/mason/packages/lua-language-server/libexec/meta/Lua%205.4%20en-us%20utf8/table.lua
[14:13:59.037][info] [#0:script/workspace/workspace.lua:353]: Scan library at:	file:///home/gotasa/.local/share/nvim/mason/packages/lua-language-server/libexec/meta/Lua%205.4%20en-us%20utf8/utf8.lua
[14:13:59.037][info] [#0:script/workspace/workspace.lua:353]: Scan library at:	file:///home/gotasa/.local/share/nvim/mason/packages/lua-language-server/libexec/meta/Lua%205.4%20en-us%20utf8/coroutine.lua
[14:13:59.037][info] [#0:script/workspace/workspace.lua:353]: Scan library at:	file:///home/gotasa/.local/share/nvim/mason/packages/lua-language-server/libexec/meta/Lua%205.4%20en-us%20utf8/os.lua
[14:13:59.037][info] [#0:script/workspace/workspace.lua:353]: Scan library at:	file:///home/gotasa/.local/share/nvim/mason/packages/lua-language-server/libexec/meta/Lua%205.4%20en-us%20utf8/string.lua
[14:13:59.038][info] [#0:script/workspace/workspace.lua:353]: Scan library at:	file:///home/gotasa/.local/share/nvim/mason/packages/lua-language-server/libexec/meta/Lua%205.4%20en-us%20utf8/io.lua
[14:13:59.038][info] [#0:script/workspace/workspace.lua:353]: Scan library at:	file:///home/gotasa/.local/share/nvim/mason/packages/lua-language-server/libexec/meta/Lua%205.4%20en-us%20utf8/math.lua
[14:13:59.038][info] [#0:script/workspace/workspace.lua:353]: Scan library at:	file:///home/gotasa/.local/share/nvim/mason/packages/lua-language-server/libexec/meta/Lua%205.4%20en-us%20utf8/package.lua
[14:13:59.038][info] [#0:script/workspace/workspace.lua:353]: Scan library at:	file:///home/gotasa/.local/share/nvim/mason/packages/lua-language-server/libexec/meta/Lua%205.4%20en-us%20utf8/builtin.lua
[14:13:59.038][info] [#0:script/workspace/workspace.lua:353]: Scan library at:	file:///home/gotasa/.local/share/nvim/mason/packages/lua-language-server/libexec/meta/Lua%205.4%20en-us%20utf8/debug.lua
[14:13:59.138][info] [#0:script/workspace/workspace.lua:379]: Found 27 files at:	file:///home/gotasa/.config/nvim/lua/plugins
[14:13:59.138][info] [#0:script/workspace/loading.lua:160]: Load files from disk:	file:///home/gotasa/.config/nvim/lua/plugins
[14:13:59.138][info] [#0:script/workspace/loading.lua:88]: Skip loaded file: file:///home/gotasa/.local/share/nvim/mason/packages/lua-language-server/libexec/meta/Lua%205.4%20en-us%20utf8/debug.lua
[14:13:59.138][info] [#0:script/workspace/loading.lua:112]: ++++As library of:	file:///home/gotasa/.local/share/nvim/mason/packages/lua-language-server/libexec/meta/Lua%205.4%20en-us%20utf8/debug.lua
[14:13:59.138][info] [#0:script/workspace/loading.lua:88]: Skip loaded file: file:///home/gotasa/.local/share/nvim/mason/packages/lua-language-server/libexec/meta/Lua%205.4%20en-us%20utf8/builtin.lua
[14:13:59.138][info] [#0:script/workspace/loading.lua:112]: ++++As library of:	file:///home/gotasa/.local/share/nvim/mason/packages/lua-language-server/libexec/meta/Lua%205.4%20en-us%20utf8/builtin.lua
[14:13:59.138][info] [#0:script/workspace/loading.lua:88]: Skip loaded file: file:///home/gotasa/.local/share/nvim/mason/packages/lua-language-server/libexec/meta/Lua%205.4%20en-us%20utf8/package.lua
[14:13:59.138][info] [#0:script/workspace/loading.lua:112]: ++++As library of:	file:///home/gotasa/.local/share/nvim/mason/packages/lua-language-server/libexec/meta/Lua%205.4%20en-us%20utf8/package.lua
[14:13:59.138][info] [#0:script/workspace/loading.lua:88]: Skip loaded file: file:///home/gotasa/.local/share/nvim/mason/packages/lua-language-server/libexec/meta/Lua%205.4%20en-us%20utf8/math.lua
[14:13:59.138][info] [#0:script/workspace/loading.lua:112]: ++++As library of:	file:///home/gotasa/.local/share/nvim/mason/packages/lua-language-server/libexec/meta/Lua%205.4%20en-us%20utf8/math.lua
[14:13:59.139][info] [#0:script/workspace/loading.lua:88]: Skip loaded file: file:///home/gotasa/.local/share/nvim/mason/packages/lua-language-server/libexec/meta/Lua%205.4%20en-us%20utf8/io.lua
[14:13:59.139][info] [#0:script/workspace/loading.lua:112]: ++++As library of:	file:///home/gotasa/.local/share/nvim/mason/packages/lua-language-server/libexec/meta/Lua%205.4%20en-us%20utf8/io.lua
[14:13:59.139][info] [#0:script/workspace/loading.lua:88]: Skip loaded file: file:///home/gotasa/.local/share/nvim/mason/packages/lua-language-server/libexec/meta/Lua%205.4%20en-us%20utf8/string.lua
[14:13:59.139][info] [#0:script/workspace/loading.lua:112]: ++++As library of:	file:///home/gotasa/.local/share/nvim/mason/packages/lua-language-server/libexec/meta/Lua%205.4%20en-us%20utf8/string.lua
[14:13:59.139][info] [#0:script/workspace/loading.lua:88]: Skip loaded file: file:///home/gotasa/.local/share/nvim/mason/packages/lua-language-server/libexec/meta/Lua%205.4%20en-us%20utf8/os.lua
[14:13:59.139][info] [#0:script/workspace/loading.lua:112]: ++++As library of:	file:///home/gotasa/.local/share/nvim/mason/packages/lua-language-server/libexec/meta/Lua%205.4%20en-us%20utf8/os.lua
[14:13:59.139][info] [#0:script/workspace/loading.lua:88]: Skip loaded file: file:///home/gotasa/.local/share/nvim/mason/packages/lua-language-server/libexec/meta/Lua%205.4%20en-us%20utf8/coroutine.lua
[14:13:59.139][info] [#0:script/workspace/loading.lua:112]: ++++As library of:	file:///home/gotasa/.local/share/nvim/mason/packages/lua-language-server/libexec/meta/Lua%205.4%20en-us%20utf8/coroutine.lua
[14:13:59.139][info] [#0:script/workspace/loading.lua:88]: Skip loaded file: file:///home/gotasa/.local/share/nvim/mason/packages/lua-language-server/libexec/meta/Lua%205.4%20en-us%20utf8/utf8.lua
[14:13:59.139][info] [#0:script/workspace/loading.lua:112]: ++++As library of:	file:///home/gotasa/.local/share/nvim/mason/packages/lua-language-server/libexec/meta/Lua%205.4%20en-us%20utf8/utf8.lua
[14:13:59.139][info] [#0:script/workspace/loading.lua:88]: Skip loaded file: file:///home/gotasa/.local/share/nvim/mason/packages/lua-language-server/libexec/meta/Lua%205.4%20en-us%20utf8/table.lua
[14:13:59.139][info] [#0:script/workspace/loading.lua:112]: ++++As library of:	file:///home/gotasa/.local/share/nvim/mason/packages/lua-language-server/libexec/meta/Lua%205.4%20en-us%20utf8/table.lua
[14:13:59.139][info] [#0:script/workspace/loading.lua:88]: Skip loaded file: file:///home/gotasa/.local/share/nvim/mason/packages/lua-language-server/libexec/meta/Lua%205.4%20en-us%20utf8/basic.lua
[14:13:59.139][info] [#0:script/workspace/loading.lua:112]: ++++As library of:	file:///home/gotasa/.local/share/nvim/mason/packages/lua-language-server/libexec/meta/Lua%205.4%20en-us%20utf8/basic.lua
[14:13:59.240][info] [#0:script/workspace/loading.lua:100]: Preload file at: file:///home/gotasa/.config/nvim/lua/plugins/alpha.lua , size = 2.774 KB
[14:13:59.241][info] [#0:script/workspace/loading.lua:100]: Preload file at: file:///home/gotasa/.config/nvim/lua/plugins/spectre.lua , size = 0.186 KB
[14:13:59.241][info] [#0:script/workspace/loading.lua:100]: Preload file at: file:///home/gotasa/.config/nvim/lua/plugins/lsp-config.lua , size = 1.456 KB
[14:13:59.241][info] [#0:script/workspace/loading.lua:100]: Preload file at: file:///home/gotasa/.config/nvim/lua/plugins/neo-tree.lua , size = 0.672 KB
[14:13:59.242][info] [#0:script/workspace/loading.lua:100]: Preload file at: file:///home/gotasa/.config/nvim/lua/plugins/onedarkpro.lua , size = 0.728 KB
[14:13:59.242][info] [#0:script/workspace/loading.lua:100]: Preload file at: file:///home/gotasa/.config/nvim/lua/plugins/which-key.lua , size = 0.445 KB
[14:13:59.242][info] [#0:script/workspace/loading.lua:100]: Preload file at: file:///home/gotasa/.config/nvim/lua/plugins/none-ls.lua , size = 0.698 KB
[14:13:59.243][info] [#0:script/workspace/loading.lua:100]: Preload file at: file:///home/gotasa/.config/nvim/lua/plugins/autopairs.lua , size = 0.080 KB
[14:13:59.243][info] [#0:script/workspace/loading.lua:100]: Preload file at: file:///home/gotasa/.config/nvim/lua/plugins/bufferline.lua , size = 0.654 KB
[14:13:59.243][info] [#0:script/workspace/loading.lua:100]: Preload file at: file:///home/gotasa/.config/nvim/lua/plugins/treesitter.lua , size = 0.353 KB
[14:13:59.243][info] [#0:script/workspace/loading.lua:100]: Preload file at: file:///home/gotasa/.config/nvim/lua/plugins/highlight-colors.lua , size = 0.281 KB
[14:13:59.243][info] [#0:script/workspace/loading.lua:100]: Preload file at: file:///home/gotasa/.config/nvim/lua/plugins/lualine.lua , size = 0.328 KB
[14:13:59.244][info] [#0:script/workspace/loading.lua:100]: Preload file at: file:///home/gotasa/.config/nvim/lua/plugins/telescope.lua , size = 0.449 KB
[14:13:59.244][info] [#0:script/workspace/loading.lua:100]: Preload file at: file:///home/gotasa/.config/nvim/lua/plugins/completions.lua , size = 1.450 KB
[14:13:59.244][info] [#0:script/workspace/loading.lua:100]: Preload file at: file:///home/gotasa/.config/nvim/lua/plugins/comment.lua , size = 0.183 KB
[14:13:59.244][info] [#0:script/workspace/loading.lua:100]: Preload file at: file:///home/gotasa/.config/nvim/lua/plugins/ibl.lua , size = 0.141 KB
[14:13:59.345][info] [#0:script/workspace/loading.lua:172]: Loaded files takes [0.005] sec: file:///home/gotasa/.config/nvim/lua/plugins
[14:13:59.345][info] [#0:script/workspace/loading.lua:181]: Compile files takes [0.000] sec: file:///home/gotasa/.config/nvim/lua/plugins
[14:13:59.345][info] [#0:script/workspace/loading.lua:182]: Loaded finish:	file:///home/gotasa/.config/nvim/lua/plugins
[14:13:59.345][info] [#0:script/workspace/workspace.lua:381]: Preload finish at:	file:///home/gotasa/.config/nvim/lua/plugins
[14:13:59.355][info] [#0:script/provider/diagnostic.lua:560]: Diagnostics scope [file:///home/gotasa/.config/nvim/lua/plugins], files count:[28]
[14:13:59.485][info] [#0:script/provider/diagnostic.lua:577]: Diagnostics scope [file:///home/gotasa/.config/nvim/lua/plugins] finished, takes [0.030] sec.
[14:16:04.403][info] [#0:script/workspace/workspace.lua:284]: Scan files at:	file:///home/gotasa/.config/nvim/lua/plugins/toggleterm.lua
[14:16:04.403][info] [#0:script/workspace/loading.lua:160]: Load files from disk:	file:///home/gotasa/.config/nvim/lua/plugins/toggleterm.lua
[14:16:04.403][info] [#0:script/workspace/loading.lua:88]: Skip loaded file: file:///home/gotasa/.config/nvim/lua/plugins/toggleterm.lua
[14:16:04.404][info] [#0:script/workspace/loading.lua:172]: Loaded files takes [0.000] sec: file:///home/gotasa/.config/nvim/lua/plugins/toggleterm.lua
[14:16:04.404][info] [#0:script/workspace/loading.lua:181]: Compile files takes [0.000] sec: file:///home/gotasa/.config/nvim/lua/plugins/toggleterm.lua
[14:16:04.404][info] [#0:script/workspace/loading.lua:182]: Loaded finish:	file:///home/gotasa/.config/nvim/lua/plugins/toggleterm.lua
[14:16:06.580][info] [#0:script/provider/diagnostic.lua:560]: Diagnostics scope [file:///home/gotasa/.config/nvim/lua/plugins], files count:[28]
[14:16:06.704][info] [#0:script/provider/diagnostic.lua:577]: Diagnostics scope [file:///home/gotasa/.config/nvim/lua/plugins] finished, takes [0.024] sec.
[14:16:17.499][info] [#0:script/provider/provider.lua:176]: Server shutdown.
[14:16:17.599][warn] [#0:script/pub/report.lua:24]: Load proto error:	Disconnected!
